<?xml version="1.0" encoding="UTF-8"?>
<!-- Generated by org.testng.reporters.JUnitXMLReporter -->
<testsuite ignored="0" hostname="DESKTOP-IJFDGV2" failures="5" tests="5" name="Supplier" time="110.259" errors="0" timestamp="2025-08-09T22:22:55 IST">
  <testcase classname="test.TestSupplierCreate" name="supplierCreate" time="17.516">
    <failure type="java.lang.AssertionError" message="The following asserts failed:
	expected [Launch VMS - View Supplier Detail] but found [Launch VMS - Create Supplier]">
      <![CDATA[java.lang.AssertionError: The following asserts failed:
expected [Launch VMS - View Supplier Detail] but found [Launch VMS - Create Supplier]
at test.TestSupplierCreate.supplierCreate(TestSupplierCreate.java:22)
at java.base/java.util.ArrayList.forEach(ArrayList.java:1541)
... Removed 29 stack frames]]>
    </failure>
  </testcase> <!-- supplierCreate -->
  <testcase classname="test.TestSupplierCreate" name="supplierCreate" time="17.291">
    <failure type="java.lang.AssertionError" message="The following asserts failed:
	expected [Launch VMS - View Supplier Detail] but found [Launch VMS - Create Supplier]">
      <![CDATA[java.lang.AssertionError: The following asserts failed:
expected [Launch VMS - View Supplier Detail] but found [Launch VMS - Create Supplier]
at test.TestSupplierCreate.supplierCreate(TestSupplierCreate.java:22)
at java.base/java.util.ArrayList.forEach(ArrayList.java:1541)
... Removed 29 stack frames]]>
    </failure>
  </testcase> <!-- supplierCreate -->
  <testcase classname="test.TestSupplierCreate" name="supplierCreate" time="17.144">
    <failure type="java.lang.AssertionError" message="The following asserts failed:
	expected [Launch VMS - View Supplier Detail] but found [Launch VMS - Create Supplier]">
      <![CDATA[java.lang.AssertionError: The following asserts failed:
expected [Launch VMS - View Supplier Detail] but found [Launch VMS - Create Supplier]
at test.TestSupplierCreate.supplierCreate(TestSupplierCreate.java:22)
at java.base/java.util.ArrayList.forEach(ArrayList.java:1541)
... Removed 29 stack frames]]>
    </failure>
  </testcase> <!-- supplierCreate -->
  <testcase classname="test.TestSupplierCreate" name="supplierCreate" time="17.432">
    <failure type="java.lang.AssertionError" message="The following asserts failed:
	expected [Launch VMS - View Supplier Detail] but found [Launch VMS - Create Supplier]">
      <![CDATA[java.lang.AssertionError: The following asserts failed:
expected [Launch VMS - View Supplier Detail] but found [Launch VMS - Create Supplier]
at test.TestSupplierCreate.supplierCreate(TestSupplierCreate.java:22)
at java.base/java.util.ArrayList.forEach(ArrayList.java:1541)
... Removed 29 stack frames]]>
    </failure>
  </testcase> <!-- supplierCreate -->
  <testcase classname="test.TestSupplierCreate" name="supplierCreate" time="17.359">
    <failure type="java.lang.AssertionError" message="The following asserts failed:
	expected [Launch VMS - View Supplier Detail] but found [Launch VMS - Create Supplier]">
      <![CDATA[java.lang.AssertionError: The following asserts failed:
expected [Launch VMS - View Supplier Detail] but found [Launch VMS - Create Supplier]
at test.TestSupplierCreate.supplierCreate(TestSupplierCreate.java:22)
at java.base/java.util.ArrayList.forEach(ArrayList.java:1541)
... Removed 29 stack frames]]>
    </failure>
  </testcase> <!-- supplierCreate -->
</testsuite> <!-- Supplier -->
