<?xml version="1.0" encoding="UTF-8"?>
<!-- Generated by org.testng.reporters.JUnitXMLReporter -->
<testsuite ignored="0" hostname="DESKTOP-IJFDGV2" failures="16" tests="16" name="Test" time="152.04" errors="0" timestamp="2025-08-09T19:55:34 IST">
  <testcase classname="test.TestWorkerCreate" name="workerCreate" time="3.273">
    <failure type="org.openqa.selenium.ElementNotInteractableException" message="element not interactable
  (Session info: MicrosoftEdge=139.0.3405.86)
Build info: version: &amp;apos;4.34.0&amp;apos;, revision: &amp;apos;2a4c61c498&amp;apos;
System info: os.name: &amp;apos;Windows 10&amp;apos;, os.arch: &amp;apos;amd64&amp;apos;, os.version: &amp;apos;10.0&amp;apos;, java.version: &amp;apos;11.0.10&amp;apos;
Driver info: org.openqa.selenium.edge.EdgeDriver
Command: [049269618b60893d641fa55f6db3f831, clickElement {id=f.3D5D397D7122576477A3C7C310CA8C86.d.5B14DE7FD6DA4964BBAB05261960DACB.e.59}]
Capabilities {acceptInsecureCerts: true, browserName: MicrosoftEdge, browserVersion: 139.0.3405.86, fedcm:accounts: true, ms:edgeOptions: {debuggerAddress: localhost:63242}, msedge: {msedgedriverVersion: 139.0.3405.86 (057d25f32fab..., userDataDir: C:\Users\admin\AppData\Loca...}, networkConnectionEnabled: false, pageLoadStrategy: normal, platformName: windows, proxy: Proxy(), se:cdp: ws://localhost:63242/devtoo..., se:cdpVersion: 139.0.3405.86, setWindowRect: true, strictFileInteractability: false, timeouts: {implicit: 0, pageLoad: 300000, script: 30000}, unhandledPromptBehavior: dismiss and notify, webauthn:extension:credBlob: true, webauthn:extension:largeBlob: true, webauthn:extension:minPinLength: true, webauthn:extension:prf: true, webauthn:virtualAuthenticators: true}
Element: [[EdgeDriver: MicrosoftEdge on windows (049269618b60893d641fa55f6db3f831)] -&amp;gt; xpath: //*[@id=&amp;apos;navbar&amp;apos;]/ul/li[4]/ul/li[4]/a]
Session ID: 049269618b60893d641fa55f6db3f831">
      <![CDATA[org.openqa.selenium.ElementNotInteractableException: element not interactable
  (Session info: MicrosoftEdge=139.0.3405.86)
Build info: version: '4.34.0', revision: '2a4c61c498'
System info: os.name: 'Windows 10', os.arch: 'amd64', os.version: '10.0', java.version: '11.0.10'
Driver info: org.openqa.selenium.edge.EdgeDriver
Command: [049269618b60893d641fa55f6db3f831, clickElement {id=f.3D5D397D7122576477A3C7C310CA8C86.d.5B14DE7FD6DA4964BBAB05261960DACB.e.59}]
Capabilities {acceptInsecureCerts: true, browserName: MicrosoftEdge, browserVersion: 139.0.3405.86, fedcm:accounts: true, ms:edgeOptions: {debuggerAddress: localhost:63242}, msedge: {msedgedriverVersion: 139.0.3405.86 (057d25f32fab..., userDataDir: C:\Users\admin\AppData\Loca...}, networkConnectionEnabled: false, pageLoadStrategy: normal, platformName: windows, proxy: Proxy(), se:cdp: ws://localhost:63242/devtoo..., se:cdpVersion: 139.0.3405.86, setWindowRect: true, strictFileInteractability: false, timeouts: {implicit: 0, pageLoad: 300000, script: 30000}, unhandledPromptBehavior: dismiss and notify, webauthn:extension:credBlob: true, webauthn:extension:largeBlob: true, webauthn:extension:minPinLength: true, webauthn:extension:prf: true, webauthn:virtualAuthenticators: true}
Element: [[EdgeDriver: MicrosoftEdge on windows (049269618b60893d641fa55f6db3f831)] -> xpath: //*[@id='navbar']/ul/li[4]/ul/li[4]/a]
Session ID: 049269618b60893d641fa55f6db3f831
at org.openqa.selenium.remote.ErrorCodec.decode(ErrorCodec.java:167)
at org.openqa.selenium.remote.codec.w3c.W3CHttpResponseCodec.decode(W3CHttpResponseCodec.java:138)
at org.openqa.selenium.remote.codec.w3c.W3CHttpResponseCodec.decode(W3CHttpResponseCodec.java:50)
at org.openqa.selenium.remote.HttpCommandExecutor.execute(HttpCommandExecutor.java:215)
at org.openqa.selenium.remote.service.DriverCommandExecutor.invokeExecute(DriverCommandExecutor.java:216)
at org.openqa.selenium.remote.service.DriverCommandExecutor.execute(DriverCommandExecutor.java:174)
at org.openqa.selenium.remote.RemoteWebDriver.execute(RemoteWebDriver.java:544)
at org.openqa.selenium.remote.RemoteWebElement.execute(RemoteWebElement.java:223)
at org.openqa.selenium.remote.RemoteWebElement.click(RemoteWebElement.java:76)
at pages.CreateWorkerPage.createWorker(CreateWorkerPage.java:35)
at test.TestWorkerCreate.workerCreate(TestWorkerCreate.java:27)
at java.base/java.util.concurrent.FutureTask.run(FutureTask.java:264)
at java.base/java.util.concurrent.ThreadPoolExecutor.runWorker(ThreadPoolExecutor.java:1128)
at java.base/java.util.concurrent.ThreadPoolExecutor$Worker.run(ThreadPoolExecutor.java:628)
at java.base/java.lang.Thread.run(Thread.java:834)
... Removed 17 stack frames]]>
    </failure>
  </testcase> <!-- workerCreate -->
  <testcase classname="test.TestWorkerCreate" name="workerCreate" time="3.304">
    <failure type="org.openqa.selenium.ElementNotInteractableException" message="element not interactable
  (Session info: MicrosoftEdge=139.0.3405.86)
Build info: version: &amp;apos;4.34.0&amp;apos;, revision: &amp;apos;2a4c61c498&amp;apos;
System info: os.name: &amp;apos;Windows 10&amp;apos;, os.arch: &amp;apos;amd64&amp;apos;, os.version: &amp;apos;10.0&amp;apos;, java.version: &amp;apos;11.0.10&amp;apos;
Driver info: org.openqa.selenium.edge.EdgeDriver
Command: [049269618b60893d641fa55f6db3f831, clickElement {id=f.3D5D397D7122576477A3C7C310CA8C86.d.5B14DE7FD6DA4964BBAB05261960DACB.e.59}]
Capabilities {acceptInsecureCerts: true, browserName: MicrosoftEdge, browserVersion: 139.0.3405.86, fedcm:accounts: true, ms:edgeOptions: {debuggerAddress: localhost:63242}, msedge: {msedgedriverVersion: 139.0.3405.86 (057d25f32fab..., userDataDir: C:\Users\admin\AppData\Loca...}, networkConnectionEnabled: false, pageLoadStrategy: normal, platformName: windows, proxy: Proxy(), se:cdp: ws://localhost:63242/devtoo..., se:cdpVersion: 139.0.3405.86, setWindowRect: true, strictFileInteractability: false, timeouts: {implicit: 0, pageLoad: 300000, script: 30000}, unhandledPromptBehavior: dismiss and notify, webauthn:extension:credBlob: true, webauthn:extension:largeBlob: true, webauthn:extension:minPinLength: true, webauthn:extension:prf: true, webauthn:virtualAuthenticators: true}
Element: [[EdgeDriver: MicrosoftEdge on windows (049269618b60893d641fa55f6db3f831)] -&amp;gt; xpath: //*[@id=&amp;apos;navbar&amp;apos;]/ul/li[4]/ul/li[4]/a]
Session ID: 049269618b60893d641fa55f6db3f831">
      <![CDATA[org.openqa.selenium.ElementNotInteractableException: element not interactable
  (Session info: MicrosoftEdge=139.0.3405.86)
Build info: version: '4.34.0', revision: '2a4c61c498'
System info: os.name: 'Windows 10', os.arch: 'amd64', os.version: '10.0', java.version: '11.0.10'
Driver info: org.openqa.selenium.edge.EdgeDriver
Command: [049269618b60893d641fa55f6db3f831, clickElement {id=f.3D5D397D7122576477A3C7C310CA8C86.d.5B14DE7FD6DA4964BBAB05261960DACB.e.59}]
Capabilities {acceptInsecureCerts: true, browserName: MicrosoftEdge, browserVersion: 139.0.3405.86, fedcm:accounts: true, ms:edgeOptions: {debuggerAddress: localhost:63242}, msedge: {msedgedriverVersion: 139.0.3405.86 (057d25f32fab..., userDataDir: C:\Users\admin\AppData\Loca...}, networkConnectionEnabled: false, pageLoadStrategy: normal, platformName: windows, proxy: Proxy(), se:cdp: ws://localhost:63242/devtoo..., se:cdpVersion: 139.0.3405.86, setWindowRect: true, strictFileInteractability: false, timeouts: {implicit: 0, pageLoad: 300000, script: 30000}, unhandledPromptBehavior: dismiss and notify, webauthn:extension:credBlob: true, webauthn:extension:largeBlob: true, webauthn:extension:minPinLength: true, webauthn:extension:prf: true, webauthn:virtualAuthenticators: true}
Element: [[EdgeDriver: MicrosoftEdge on windows (049269618b60893d641fa55f6db3f831)] -> xpath: //*[@id='navbar']/ul/li[4]/ul/li[4]/a]
Session ID: 049269618b60893d641fa55f6db3f831
at org.openqa.selenium.remote.ErrorCodec.decode(ErrorCodec.java:167)
at org.openqa.selenium.remote.codec.w3c.W3CHttpResponseCodec.decode(W3CHttpResponseCodec.java:138)
at org.openqa.selenium.remote.codec.w3c.W3CHttpResponseCodec.decode(W3CHttpResponseCodec.java:50)
at org.openqa.selenium.remote.HttpCommandExecutor.execute(HttpCommandExecutor.java:215)
at org.openqa.selenium.remote.service.DriverCommandExecutor.invokeExecute(DriverCommandExecutor.java:216)
at org.openqa.selenium.remote.service.DriverCommandExecutor.execute(DriverCommandExecutor.java:174)
at org.openqa.selenium.remote.RemoteWebDriver.execute(RemoteWebDriver.java:544)
at org.openqa.selenium.remote.RemoteWebElement.execute(RemoteWebElement.java:223)
at org.openqa.selenium.remote.RemoteWebElement.click(RemoteWebElement.java:76)
at pages.CreateWorkerPage.createWorker(CreateWorkerPage.java:35)
at test.TestWorkerCreate.workerCreate(TestWorkerCreate.java:27)
at java.base/java.util.concurrent.FutureTask.run(FutureTask.java:264)
at java.base/java.util.concurrent.ThreadPoolExecutor.runWorker(ThreadPoolExecutor.java:1128)
at java.base/java.util.concurrent.ThreadPoolExecutor$Worker.run(ThreadPoolExecutor.java:628)
at java.base/java.lang.Thread.run(Thread.java:834)
... Removed 17 stack frames]]>
    </failure>
  </testcase> <!-- workerCreate -->
  <testcase classname="test.TestWorkerCreate" name="workerCreate" time="3.185">
    <failure type="org.openqa.selenium.ElementNotInteractableException" message="element not interactable
  (Session info: MicrosoftEdge=139.0.3405.86)
Build info: version: &amp;apos;4.34.0&amp;apos;, revision: &amp;apos;2a4c61c498&amp;apos;
System info: os.name: &amp;apos;Windows 10&amp;apos;, os.arch: &amp;apos;amd64&amp;apos;, os.version: &amp;apos;10.0&amp;apos;, java.version: &amp;apos;11.0.10&amp;apos;
Driver info: org.openqa.selenium.edge.EdgeDriver
Command: [049269618b60893d641fa55f6db3f831, clickElement {id=f.3D5D397D7122576477A3C7C310CA8C86.d.5B14DE7FD6DA4964BBAB05261960DACB.e.59}]
Capabilities {acceptInsecureCerts: true, browserName: MicrosoftEdge, browserVersion: 139.0.3405.86, fedcm:accounts: true, ms:edgeOptions: {debuggerAddress: localhost:63242}, msedge: {msedgedriverVersion: 139.0.3405.86 (057d25f32fab..., userDataDir: C:\Users\admin\AppData\Loca...}, networkConnectionEnabled: false, pageLoadStrategy: normal, platformName: windows, proxy: Proxy(), se:cdp: ws://localhost:63242/devtoo..., se:cdpVersion: 139.0.3405.86, setWindowRect: true, strictFileInteractability: false, timeouts: {implicit: 0, pageLoad: 300000, script: 30000}, unhandledPromptBehavior: dismiss and notify, webauthn:extension:credBlob: true, webauthn:extension:largeBlob: true, webauthn:extension:minPinLength: true, webauthn:extension:prf: true, webauthn:virtualAuthenticators: true}
Element: [[EdgeDriver: MicrosoftEdge on windows (049269618b60893d641fa55f6db3f831)] -&amp;gt; xpath: //*[@id=&amp;apos;navbar&amp;apos;]/ul/li[4]/ul/li[4]/a]
Session ID: 049269618b60893d641fa55f6db3f831">
      <![CDATA[org.openqa.selenium.ElementNotInteractableException: element not interactable
  (Session info: MicrosoftEdge=139.0.3405.86)
Build info: version: '4.34.0', revision: '2a4c61c498'
System info: os.name: 'Windows 10', os.arch: 'amd64', os.version: '10.0', java.version: '11.0.10'
Driver info: org.openqa.selenium.edge.EdgeDriver
Command: [049269618b60893d641fa55f6db3f831, clickElement {id=f.3D5D397D7122576477A3C7C310CA8C86.d.5B14DE7FD6DA4964BBAB05261960DACB.e.59}]
Capabilities {acceptInsecureCerts: true, browserName: MicrosoftEdge, browserVersion: 139.0.3405.86, fedcm:accounts: true, ms:edgeOptions: {debuggerAddress: localhost:63242}, msedge: {msedgedriverVersion: 139.0.3405.86 (057d25f32fab..., userDataDir: C:\Users\admin\AppData\Loca...}, networkConnectionEnabled: false, pageLoadStrategy: normal, platformName: windows, proxy: Proxy(), se:cdp: ws://localhost:63242/devtoo..., se:cdpVersion: 139.0.3405.86, setWindowRect: true, strictFileInteractability: false, timeouts: {implicit: 0, pageLoad: 300000, script: 30000}, unhandledPromptBehavior: dismiss and notify, webauthn:extension:credBlob: true, webauthn:extension:largeBlob: true, webauthn:extension:minPinLength: true, webauthn:extension:prf: true, webauthn:virtualAuthenticators: true}
Element: [[EdgeDriver: MicrosoftEdge on windows (049269618b60893d641fa55f6db3f831)] -> xpath: //*[@id='navbar']/ul/li[4]/ul/li[4]/a]
Session ID: 049269618b60893d641fa55f6db3f831
at org.openqa.selenium.remote.ErrorCodec.decode(ErrorCodec.java:167)
at org.openqa.selenium.remote.codec.w3c.W3CHttpResponseCodec.decode(W3CHttpResponseCodec.java:138)
at org.openqa.selenium.remote.codec.w3c.W3CHttpResponseCodec.decode(W3CHttpResponseCodec.java:50)
at org.openqa.selenium.remote.HttpCommandExecutor.execute(HttpCommandExecutor.java:215)
at org.openqa.selenium.remote.service.DriverCommandExecutor.invokeExecute(DriverCommandExecutor.java:216)
at org.openqa.selenium.remote.service.DriverCommandExecutor.execute(DriverCommandExecutor.java:174)
at org.openqa.selenium.remote.RemoteWebDriver.execute(RemoteWebDriver.java:544)
at org.openqa.selenium.remote.RemoteWebElement.execute(RemoteWebElement.java:223)
at org.openqa.selenium.remote.RemoteWebElement.click(RemoteWebElement.java:76)
at pages.CreateWorkerPage.createWorker(CreateWorkerPage.java:35)
at test.TestWorkerCreate.workerCreate(TestWorkerCreate.java:27)
at java.base/java.util.concurrent.FutureTask.run(FutureTask.java:264)
at java.base/java.util.concurrent.ThreadPoolExecutor.runWorker(ThreadPoolExecutor.java:1128)
at java.base/java.util.concurrent.ThreadPoolExecutor$Worker.run(ThreadPoolExecutor.java:628)
at java.base/java.lang.Thread.run(Thread.java:834)
... Removed 17 stack frames]]>
    </failure>
  </testcase> <!-- workerCreate -->
  <testcase classname="test.TestWorkerCreate" name="workerCreate" time="3.228">
    <failure type="org.openqa.selenium.ElementNotInteractableException" message="element not interactable
  (Session info: MicrosoftEdge=139.0.3405.86)
Build info: version: &amp;apos;4.34.0&amp;apos;, revision: &amp;apos;2a4c61c498&amp;apos;
System info: os.name: &amp;apos;Windows 10&amp;apos;, os.arch: &amp;apos;amd64&amp;apos;, os.version: &amp;apos;10.0&amp;apos;, java.version: &amp;apos;11.0.10&amp;apos;
Driver info: org.openqa.selenium.edge.EdgeDriver
Command: [049269618b60893d641fa55f6db3f831, clickElement {id=f.3D5D397D7122576477A3C7C310CA8C86.d.5B14DE7FD6DA4964BBAB05261960DACB.e.59}]
Capabilities {acceptInsecureCerts: true, browserName: MicrosoftEdge, browserVersion: 139.0.3405.86, fedcm:accounts: true, ms:edgeOptions: {debuggerAddress: localhost:63242}, msedge: {msedgedriverVersion: 139.0.3405.86 (057d25f32fab..., userDataDir: C:\Users\admin\AppData\Loca...}, networkConnectionEnabled: false, pageLoadStrategy: normal, platformName: windows, proxy: Proxy(), se:cdp: ws://localhost:63242/devtoo..., se:cdpVersion: 139.0.3405.86, setWindowRect: true, strictFileInteractability: false, timeouts: {implicit: 0, pageLoad: 300000, script: 30000}, unhandledPromptBehavior: dismiss and notify, webauthn:extension:credBlob: true, webauthn:extension:largeBlob: true, webauthn:extension:minPinLength: true, webauthn:extension:prf: true, webauthn:virtualAuthenticators: true}
Element: [[EdgeDriver: MicrosoftEdge on windows (049269618b60893d641fa55f6db3f831)] -&amp;gt; xpath: //*[@id=&amp;apos;navbar&amp;apos;]/ul/li[4]/ul/li[4]/a]
Session ID: 049269618b60893d641fa55f6db3f831">
      <![CDATA[org.openqa.selenium.ElementNotInteractableException: element not interactable
  (Session info: MicrosoftEdge=139.0.3405.86)
Build info: version: '4.34.0', revision: '2a4c61c498'
System info: os.name: 'Windows 10', os.arch: 'amd64', os.version: '10.0', java.version: '11.0.10'
Driver info: org.openqa.selenium.edge.EdgeDriver
Command: [049269618b60893d641fa55f6db3f831, clickElement {id=f.3D5D397D7122576477A3C7C310CA8C86.d.5B14DE7FD6DA4964BBAB05261960DACB.e.59}]
Capabilities {acceptInsecureCerts: true, browserName: MicrosoftEdge, browserVersion: 139.0.3405.86, fedcm:accounts: true, ms:edgeOptions: {debuggerAddress: localhost:63242}, msedge: {msedgedriverVersion: 139.0.3405.86 (057d25f32fab..., userDataDir: C:\Users\admin\AppData\Loca...}, networkConnectionEnabled: false, pageLoadStrategy: normal, platformName: windows, proxy: Proxy(), se:cdp: ws://localhost:63242/devtoo..., se:cdpVersion: 139.0.3405.86, setWindowRect: true, strictFileInteractability: false, timeouts: {implicit: 0, pageLoad: 300000, script: 30000}, unhandledPromptBehavior: dismiss and notify, webauthn:extension:credBlob: true, webauthn:extension:largeBlob: true, webauthn:extension:minPinLength: true, webauthn:extension:prf: true, webauthn:virtualAuthenticators: true}
Element: [[EdgeDriver: MicrosoftEdge on windows (049269618b60893d641fa55f6db3f831)] -> xpath: //*[@id='navbar']/ul/li[4]/ul/li[4]/a]
Session ID: 049269618b60893d641fa55f6db3f831
at org.openqa.selenium.remote.ErrorCodec.decode(ErrorCodec.java:167)
at org.openqa.selenium.remote.codec.w3c.W3CHttpResponseCodec.decode(W3CHttpResponseCodec.java:138)
at org.openqa.selenium.remote.codec.w3c.W3CHttpResponseCodec.decode(W3CHttpResponseCodec.java:50)
at org.openqa.selenium.remote.HttpCommandExecutor.execute(HttpCommandExecutor.java:215)
at org.openqa.selenium.remote.service.DriverCommandExecutor.invokeExecute(DriverCommandExecutor.java:216)
at org.openqa.selenium.remote.service.DriverCommandExecutor.execute(DriverCommandExecutor.java:174)
at org.openqa.selenium.remote.RemoteWebDriver.execute(RemoteWebDriver.java:544)
at org.openqa.selenium.remote.RemoteWebElement.execute(RemoteWebElement.java:223)
at org.openqa.selenium.remote.RemoteWebElement.click(RemoteWebElement.java:76)
at pages.CreateWorkerPage.createWorker(CreateWorkerPage.java:35)
at test.TestWorkerCreate.workerCreate(TestWorkerCreate.java:27)
at java.base/java.util.concurrent.FutureTask.run(FutureTask.java:264)
at java.base/java.util.concurrent.ThreadPoolExecutor.runWorker(ThreadPoolExecutor.java:1128)
at java.base/java.util.concurrent.ThreadPoolExecutor$Worker.run(ThreadPoolExecutor.java:628)
at java.base/java.lang.Thread.run(Thread.java:834)
... Removed 17 stack frames]]>
    </failure>
  </testcase> <!-- workerCreate -->
  <testcase classname="test.TestWorkerCreate" name="workerCreate" time="20.566">
    <failure type="java.lang.AssertionError" message="The following asserts failed:
	expected [Launch VMS - View Supplier Details] but found [Launch VMS - View Worker Details]">
      <![CDATA[java.lang.AssertionError: The following asserts failed:
expected [Launch VMS - View Supplier Details] but found [Launch VMS - View Worker Details]
at test.TestWorkerCreate.workerCreate(TestWorkerCreate.java:30)
at java.base/java.util.concurrent.FutureTask.run(FutureTask.java:264)
at java.base/java.util.concurrent.ThreadPoolExecutor.runWorker(ThreadPoolExecutor.java:1128)
at java.base/java.util.concurrent.ThreadPoolExecutor$Worker.run(ThreadPoolExecutor.java:628)
at java.base/java.lang.Thread.run(Thread.java:834)
... Removed 15 stack frames]]>
    </failure>
  </testcase> <!-- workerCreate -->
  <testcase classname="test.TestWorkerCreate" name="workerCreate" time="20.543">
    <failure type="java.lang.AssertionError" message="The following asserts failed:
	expected [Launch VMS - View Supplier Details] but found [Launch VMS - View Worker Details]">
      <![CDATA[java.lang.AssertionError: The following asserts failed:
expected [Launch VMS - View Supplier Details] but found [Launch VMS - View Worker Details]
at test.TestWorkerCreate.workerCreate(TestWorkerCreate.java:30)
at java.base/java.util.concurrent.FutureTask.run(FutureTask.java:264)
at java.base/java.util.concurrent.ThreadPoolExecutor.runWorker(ThreadPoolExecutor.java:1128)
at java.base/java.util.concurrent.ThreadPoolExecutor$Worker.run(ThreadPoolExecutor.java:628)
at java.base/java.lang.Thread.run(Thread.java:834)
... Removed 15 stack frames]]>
    </failure>
  </testcase> <!-- workerCreate -->
  <testcase classname="test.TestWorkerCreate" name="workerCreate" time="20.074">
    <failure type="java.lang.AssertionError" message="The following asserts failed:
	expected [Launch VMS - View Supplier Details] but found [Launch VMS - View Worker Details]">
      <![CDATA[java.lang.AssertionError: The following asserts failed:
expected [Launch VMS - View Supplier Details] but found [Launch VMS - View Worker Details]
at test.TestWorkerCreate.workerCreate(TestWorkerCreate.java:30)
at java.base/java.util.concurrent.FutureTask.run(FutureTask.java:264)
at java.base/java.util.concurrent.ThreadPoolExecutor.runWorker(ThreadPoolExecutor.java:1128)
at java.base/java.util.concurrent.ThreadPoolExecutor$Worker.run(ThreadPoolExecutor.java:628)
at java.base/java.lang.Thread.run(Thread.java:834)
... Removed 15 stack frames]]>
    </failure>
  </testcase> <!-- workerCreate -->
  <testcase classname="test.TestWorkerCreate" name="workerCreate" time="20.091">
    <failure type="java.lang.AssertionError" message="The following asserts failed:
	expected [Launch VMS - View Supplier Details] but found [Launch VMS - View Worker Details]">
      <![CDATA[java.lang.AssertionError: The following asserts failed:
expected [Launch VMS - View Supplier Details] but found [Launch VMS - View Worker Details]
at test.TestWorkerCreate.workerCreate(TestWorkerCreate.java:30)
at java.base/java.util.concurrent.FutureTask.run(FutureTask.java:264)
at java.base/java.util.concurrent.ThreadPoolExecutor.runWorker(ThreadPoolExecutor.java:1128)
at java.base/java.util.concurrent.ThreadPoolExecutor$Worker.run(ThreadPoolExecutor.java:628)
at java.base/java.lang.Thread.run(Thread.java:834)
... Removed 15 stack frames]]>
    </failure>
  </testcase> <!-- workerCreate -->
  <testcase classname="test.TestWorkerCreate" name="workerCreate" time="20.142">
    <failure type="java.lang.AssertionError" message="The following asserts failed:
	expected [Launch VMS - View Supplier Details] but found [Launch VMS - View Worker Details]">
      <![CDATA[java.lang.AssertionError: The following asserts failed:
expected [Launch VMS - View Supplier Details] but found [Launch VMS - View Worker Details]
at test.TestWorkerCreate.workerCreate(TestWorkerCreate.java:30)
at java.base/java.util.concurrent.FutureTask.run(FutureTask.java:264)
at java.base/java.util.concurrent.ThreadPoolExecutor.runWorker(ThreadPoolExecutor.java:1128)
at java.base/java.util.concurrent.ThreadPoolExecutor$Worker.run(ThreadPoolExecutor.java:628)
at java.base/java.lang.Thread.run(Thread.java:834)
... Removed 15 stack frames]]>
    </failure>
  </testcase> <!-- workerCreate -->
  <testcase classname="test.TestWorkerCreate" name="workerCreate" time="20.173">
    <failure type="java.lang.AssertionError" message="The following asserts failed:
	expected [Launch VMS - View Supplier Details] but found [Launch VMS - View Worker Details]">
      <![CDATA[java.lang.AssertionError: The following asserts failed:
expected [Launch VMS - View Supplier Details] but found [Launch VMS - View Worker Details]
at test.TestWorkerCreate.workerCreate(TestWorkerCreate.java:30)
at java.base/java.util.concurrent.FutureTask.run(FutureTask.java:264)
at java.base/java.util.concurrent.ThreadPoolExecutor.runWorker(ThreadPoolExecutor.java:1128)
at java.base/java.util.concurrent.ThreadPoolExecutor$Worker.run(ThreadPoolExecutor.java:628)
at java.base/java.lang.Thread.run(Thread.java:834)
... Removed 15 stack frames]]>
    </failure>
  </testcase> <!-- workerCreate -->
  <testcase classname="test.TestWorkerCreate" name="workerCreate" time="20.384">
    <failure type="java.lang.AssertionError" message="The following asserts failed:
	expected [Launch VMS - View Supplier Details] but found [Launch VMS - Create Worker]">
      <![CDATA[java.lang.AssertionError: The following asserts failed:
expected [Launch VMS - View Supplier Details] but found [Launch VMS - Create Worker]
at test.TestWorkerCreate.workerCreate(TestWorkerCreate.java:30)
at java.base/java.util.concurrent.FutureTask.run(FutureTask.java:264)
at java.base/java.util.concurrent.ThreadPoolExecutor.runWorker(ThreadPoolExecutor.java:1128)
at java.base/java.util.concurrent.ThreadPoolExecutor$Worker.run(ThreadPoolExecutor.java:628)
at java.base/java.lang.Thread.run(Thread.java:834)
... Removed 15 stack frames]]>
    </failure>
  </testcase> <!-- workerCreate -->
  <testcase classname="test.TestWorkerCreate" name="workerCreate" time="20.393">
    <failure type="java.lang.AssertionError" message="The following asserts failed:
	expected [Launch VMS - View Supplier Details] but found [Launch VMS - Create Worker]">
      <![CDATA[java.lang.AssertionError: The following asserts failed:
expected [Launch VMS - View Supplier Details] but found [Launch VMS - Create Worker]
at test.TestWorkerCreate.workerCreate(TestWorkerCreate.java:30)
at java.base/java.util.concurrent.FutureTask.run(FutureTask.java:264)
at java.base/java.util.concurrent.ThreadPoolExecutor.runWorker(ThreadPoolExecutor.java:1128)
at java.base/java.util.concurrent.ThreadPoolExecutor$Worker.run(ThreadPoolExecutor.java:628)
at java.base/java.lang.Thread.run(Thread.java:834)
... Removed 15 stack frames]]>
    </failure>
  </testcase> <!-- workerCreate -->
  <testcase classname="test.TestWorkerCreate" name="workerCreate" time="20.22">
    <failure type="java.lang.AssertionError" message="The following asserts failed:
	expected [Launch VMS - View Supplier Details] but found [Launch VMS - View Worker Details]">
      <![CDATA[java.lang.AssertionError: The following asserts failed:
expected [Launch VMS - View Supplier Details] but found [Launch VMS - View Worker Details]
at test.TestWorkerCreate.workerCreate(TestWorkerCreate.java:30)
at java.base/java.util.concurrent.FutureTask.run(FutureTask.java:264)
at java.base/java.util.concurrent.ThreadPoolExecutor.runWorker(ThreadPoolExecutor.java:1128)
at java.base/java.util.concurrent.ThreadPoolExecutor$Worker.run(ThreadPoolExecutor.java:628)
at java.base/java.lang.Thread.run(Thread.java:834)
... Removed 15 stack frames]]>
    </failure>
  </testcase> <!-- workerCreate -->
  <testcase classname="test.TestWorkerCreate" name="workerCreate" time="20.24">
    <failure type="java.lang.AssertionError" message="The following asserts failed:
	expected [Launch VMS - View Supplier Details] but found [Launch VMS - View Worker Details]">
      <![CDATA[java.lang.AssertionError: The following asserts failed:
expected [Launch VMS - View Supplier Details] but found [Launch VMS - View Worker Details]
at test.TestWorkerCreate.workerCreate(TestWorkerCreate.java:30)
at java.base/java.util.concurrent.FutureTask.run(FutureTask.java:264)
at java.base/java.util.concurrent.ThreadPoolExecutor.runWorker(ThreadPoolExecutor.java:1128)
at java.base/java.util.concurrent.ThreadPoolExecutor$Worker.run(ThreadPoolExecutor.java:628)
at java.base/java.lang.Thread.run(Thread.java:834)
... Removed 15 stack frames]]>
    </failure>
  </testcase> <!-- workerCreate -->
  <testcase classname="test.TestWorkerCreate" name="workerCreate" time="20.373">
    <failure type="java.lang.AssertionError" message="The following asserts failed:
	expected [Launch VMS - View Supplier Details] but found [Launch VMS - View Worker Details]">
      <![CDATA[java.lang.AssertionError: The following asserts failed:
expected [Launch VMS - View Supplier Details] but found [Launch VMS - View Worker Details]
at test.TestWorkerCreate.workerCreate(TestWorkerCreate.java:30)
at java.base/java.util.concurrent.FutureTask.run(FutureTask.java:264)
at java.base/java.util.concurrent.ThreadPoolExecutor.runWorker(ThreadPoolExecutor.java:1128)
at java.base/java.util.concurrent.ThreadPoolExecutor$Worker.run(ThreadPoolExecutor.java:628)
at java.base/java.lang.Thread.run(Thread.java:834)
... Removed 15 stack frames]]>
    </failure>
  </testcase> <!-- workerCreate -->
  <testcase classname="test.TestWorkerCreate" name="workerCreate" time="20.369">
    <failure type="java.lang.AssertionError" message="The following asserts failed:
	expected [Launch VMS - View Supplier Details] but found [Launch VMS - View Worker Details]">
      <![CDATA[java.lang.AssertionError: The following asserts failed:
expected [Launch VMS - View Supplier Details] but found [Launch VMS - View Worker Details]
at test.TestWorkerCreate.workerCreate(TestWorkerCreate.java:30)
at java.base/java.util.concurrent.FutureTask.run(FutureTask.java:264)
at java.base/java.util.concurrent.ThreadPoolExecutor.runWorker(ThreadPoolExecutor.java:1128)
at java.base/java.util.concurrent.ThreadPoolExecutor$Worker.run(ThreadPoolExecutor.java:628)
at java.base/java.lang.Thread.run(Thread.java:834)
... Removed 15 stack frames]]>
    </failure>
  </testcase> <!-- workerCreate -->
</testsuite> <!-- Test -->
